C51 COMPILER V9.54   MAIN                                                                  01/19/2022 20:42:53 PAGE 1   


C51 COMPILER V9.54, COMPILATION OF MODULE MAIN
OBJECT MODULE PLACED IN .\Objects\main.obj
COMPILER INVOKED BY: D:\Keil_v5\C51\BIN\C51.EXE main.c OPTIMIZE(8,SPEED) BROWSE DEBUG OBJECTEXTEND PRINT(.\Listings\main
                    -.lst) TABS(2) OBJECT(.\Objects\main.obj)

line level    source

   1          #include <REGX52.H>
   2          #include <INTRINS.H>
   3          //被调用函数若不在开头需要进行函数声明
   4          void Delay(unsigned int xms)
   5          {
   6   1          unsigned char i, j;
   7   1          while(xms--)
   8   1          {
   9   2                _nop_();
  10   2              i = 2;
  11   2              j = 199;
  12   2              do
  13   2              {
  14   3                while (--j);
  15   3              } while (--i);
  16   2          }
  17   1      }
  18          unsigned char LEDNum;//定义全局变量
  19          void main()
  20          {
  21   1          P2=~0x01;
  22   1          while(1)
  23   1          {
  24   2              if(P3_0==0)
  25   2              {
  26   3                  Delay(20);
  27   3                  while(P3_0==0);
  28   3                  Delay(20);
  29   3                  
  30   3                  LEDNum++;
  31   3                  if(LEDNum>=8)
  32   3                  {
  33   4                    LEDNum=0;
  34   4                  }
  35   3                  P2=~(0x01<<LEDNum);
  36   3              }
  37   2              if(P3_1==0)
  38   2              {
  39   3                  Delay(20);
  40   3                  while(P3_1==0);
  41   3                  Delay(20);
  42   3                
  43   3                if(LEDNum==0)
  44   3                {
  45   4                  LEDNum=7;
  46   4                }
  47   3                else
  48   3                  LEDNum--;
  49   3                  P2=~(0x01<<LEDNum);
  50   3              }
  51   2          }
  52   1        }


C51 COMPILER V9.54   MAIN                                                                  01/19/2022 20:42:53 PAGE 2   

MODULE INFORMATION:   STATIC OVERLAYABLE
   CODE SIZE        =    110    ----
   CONSTANT SIZE    =   ----    ----
   XDATA SIZE       =   ----    ----
   PDATA SIZE       =   ----    ----
   DATA SIZE        =      1    ----
   IDATA SIZE       =   ----    ----
   BIT SIZE         =   ----    ----
END OF MODULE INFORMATION.


C51 COMPILATION COMPLETE.  0 WARNING(S),  0 ERROR(S)
