C51 COMPILER V9.54   MAIN                                                                  04/12/2022 18:37:18 PAGE 1   


C51 COMPILER V9.54, COMPILATION OF MODULE MAIN
OBJECT MODULE PLACED IN .\Objects\main.obj
COMPILER INVOKED BY: D:\Keil_v5\C51\BIN\C51.EXE main.c OPTIMIZE(8,SPEED) BROWSE DEBUG OBJECTEXTEND PRINT(.\Listings\main
                    -.lst) TABS(2) OBJECT(.\Objects\main.obj)

line level    source

   1          #include <REGX52.H>
   2          #include "LCD1602.h"
   3          #include "Timer0.h"
   4          
   5          unsigned char Sec,Min,Hour;
   6          void main()
   7          {
   8   1          LCD_Init();
   9   1          Timer0Init();
  10   1        
  11   1          LCD_ShowString(1,1,"clock:");
  12   1          LCD_ShowString(2,3,":");
  13   1          LCD_ShowString(2,5,":");
  14   1          LCD_ShowString(2,6,":");
  15   1          while(1)
  16   1          {
  17   2              LCD_ShowNum(2,7,Sec,2);
  18   2              LCD_ShowNum(2,4,Min,2);
  19   2              LCD_ShowNum(2,1,Hour,2);
  20   2          }
  21   1      }
  22          
  23          void Timer0_Routine()   interrupt 1
  24          {
  25   1          static unsigned int T0Count;  
  26   1          TL0=0x66;
  27   1          TH0=0xFC;
  28   1          T0Count++;
  29   1          if(T0Count>=1000)
  30   1          {
  31   2              T0Count=0;
  32   2              Sec++;
  33   2              if(Sec>=60)
  34   2              {
  35   3                  Sec=0;
  36   3                  Min++;
  37   3              }
  38   2              if(Min>=60)
  39   2              {
  40   3                  Min=0;
  41   3                  Hour++;
  42   3              }
  43   2              if(Hour>=24)
  44   2                Hour=0;
  45   2          }
  46   1      }


MODULE INFORMATION:   STATIC OVERLAYABLE
   CODE SIZE        =    178    ----
   CONSTANT SIZE    =      9    ----
   XDATA SIZE       =   ----    ----
   PDATA SIZE       =   ----    ----
   DATA SIZE        =      5    ----
C51 COMPILER V9.54   MAIN                                                                  04/12/2022 18:37:18 PAGE 2   

   IDATA SIZE       =   ----    ----
   BIT SIZE         =   ----    ----
END OF MODULE INFORMATION.


C51 COMPILATION COMPLETE.  0 WARNING(S),  0 ERROR(S)
