C51 COMPILER V9.54   MATRIXKEY                                                             04/10/2022 11:35:29 PAGE 1   


C51 COMPILER V9.54, COMPILATION OF MODULE MATRIXKEY
OBJECT MODULE PLACED IN .\Objects\MatrixKey.obj
COMPILER INVOKED BY: D:\Keil_v5\C51\BIN\C51.EXE ..\6-2 æÿ’Ûº¸≈Ã√‹¬ÎÀ¯\MatrixKey.c OPTIMIZE(8,SPEED) BROWSE DEBUG OBJECTE
                    -XTEND PRINT(.\Listings\MatrixKey.lst) TABS(2) OBJECT(.\Objects\MatrixKey.obj)

line level    source

   1          #include <REGX52.H>
   2          #include "DELAY.H"
   3          
   4          unsigned char MatrixKey()
   5          {
   6   1        unsigned char KeyNumber=0;
   7   1        
   8   1        P1=0xFF;//ÁªôP1_1-7Ëµã1
   9   1        P1_3=0;//Êâ´ÊèèÂàó
  10   1        if(P1_7==0){Delay(20);while(P1_7==0);Delay(20);KeyNumber=1;}//Êâ´ÊèèË°å
  11   1        if(P1_6==0){Delay(20);while(P1_6==0);Delay(20);KeyNumber=5;}//Êâ´ÊèèË°å
  12   1        if(P1_5==0){Delay(20);while(P1_5==0);Delay(20);KeyNumber=9;}//Êâ´ÊèèË°å
  13   1        if(P1_4==0){Delay(20);while(P1_4==0);Delay(20);KeyNumber=13;}//Êâ´ÊèèË°å
  14   1        
  15   1        P1=0xFF;
  16   1        P1_2=0;//Êâ´ÊèèÂàó
  17   1        if(P1_7==0){Delay(20);while(P1_7==0);Delay(20);KeyNumber=2;}
  18   1        if(P1_6==0){Delay(20);while(P1_6==0);Delay(20);KeyNumber=6;}
  19   1        if(P1_5==0){Delay(20);while(P1_5==0);Delay(20);KeyNumber=10;}
  20   1        if(P1_4==0){Delay(20);while(P1_4==0);Delay(20);KeyNumber=14;}
  21   1        
  22   1        P1=0xFF;
  23   1        P1_1=0;//Êâ´ÊèèÂàó
  24   1        if(P1_7==0){Delay(20);while(P1_7==0);Delay(20);KeyNumber=3;}
  25   1        if(P1_6==0){Delay(20);while(P1_6==0);Delay(20);KeyNumber=7;}
  26   1        if(P1_5==0){Delay(20);while(P1_5==0);Delay(20);KeyNumber=11;}
  27   1        if(P1_4==0){Delay(20);while(P1_4==0);Delay(20);KeyNumber=15;}
  28   1        
  29   1        P1=0xFF;
  30   1        P1_0=0;//Êâ´ÊèèÂàó
  31   1        if(P1_7==0){Delay(20);while(P1_7==0);Delay(20);KeyNumber=4;}
  32   1        if(P1_6==0){Delay(20);while(P1_6==0);Delay(20);KeyNumber=8;}
  33   1        if(P1_5==0){Delay(20);while(P1_5==0);Delay(20);KeyNumber=12;}
  34   1        if(P1_4==0){Delay(20);while(P1_4==0);Delay(20);KeyNumber=16;}
  35   1        return KeyNumber;
  36   1      }


MODULE INFORMATION:   STATIC OVERLAYABLE
   CODE SIZE        =    393    ----
   CONSTANT SIZE    =   ----    ----
   XDATA SIZE       =   ----    ----
   PDATA SIZE       =   ----    ----
   DATA SIZE        =   ----       1
   IDATA SIZE       =   ----    ----
   BIT SIZE         =   ----    ----
END OF MODULE INFORMATION.


C51 COMPILATION COMPLETE.  0 WARNING(S),  0 ERROR(S)
