C51 COMPILER V9.54   IIC                                                                   07/11/2022 22:22:50 PAGE 1   


C51 COMPILER V9.54, COMPILATION OF MODULE IIC
OBJECT MODULE PLACED IN .\Objects\IIC.obj
COMPILER INVOKED BY: D:\Keil_v5\C51\BIN\C51.EXE IIC.c OPTIMIZE(8,SPEED) BROWSE DEBUG OBJECTEXTEND PRINT(.\Listings\IIC.l
                    -st) OBJECT(.\Objects\IIC.obj)

line level    source

   1          #include <REGX52.H>
   2          
   3          sbit IIC_SCL = P2^1;
   4          sbit IIC_SDA = P2^0;
   5          
   6          void IIC_Start(void)
   7          {
   8   1              IIC_SDA = 1;
   9   1              IIC_SCL = 1;
  10   1              IIC_SDA = 0;
  11   1              IIC_SCL = 0;
  12   1      }
  13          
  14          void IIC_Stop(void)
  15          {
  16   1              IIC_SDA = 0;
  17   1              IIC_SCL = 1;
  18   1              IIC_SDA = 1;
  19   1      }
  20          
  21          void IIC_SendByte(unsigned char Byte)
  22          {
  23   1              unsigned char i;
  24   1              for(i=0;i<8;i++)
  25   1              {
  26   2                      IIC_SDA = Byte&(0x80>>i);
  27   2                      IIC_SCL = 1;
  28   2                      IIC_SCL = 0;    
  29   2              }
  30   1      }
  31          
  32          unsigned char IIC_ReceiveByte(void)
  33          {
  34   1              unsigned char Byte = 0x00;
  35   1              IIC_SDA = 1;
  36   1              for(i=0;i<8;i++)
*** ERROR C202 IN LINE 36 OF IIC.c: 'i': undefined identifier
  37   1              {
  38   2                      IIC_SCL = 1;
  39   2                      if(IIC_SDA){Byte |= (0x80>>i)}
*** ERROR C202 IN LINE 39 OF IIC.c: 'i': undefined identifier
*** ERROR C141 IN LINE 39 OF IIC.c: syntax error near '}'
  40   2                      IIC_SCL = 0;
  41   2              }
  42   1              return Byte;
  43   1      }

C51 COMPILATION COMPLETE.  0 WARNING(S),  3 ERROR(S)
