C51 COMPILER V9.54   MAIN                                                                  04/12/2022 18:16:32 PAGE 1   


C51 COMPILER V9.54, COMPILATION OF MODULE MAIN
OBJECT MODULE PLACED IN .\Objects\main.obj
COMPILER INVOKED BY: D:\Keil_v5\C51\BIN\C51.EXE main.c OPTIMIZE(8,SPEED) BROWSE DEBUG OBJECTEXTEND TABS(2) OBJECT(.\Obje
                    -cts\main.obj)

line level    source

   1          #include <REGX52.H>
   2          #include "Timer0.h"
   3          #include "key.h"
   4          #include <INTRINS.H>
   5          unsigned char KeyNum,LEDMode;
   6          void main()
   7          {
   8   1        P2=0xFE;
   9   1        Timer0Init();
  10   1        while(1)
  11   1        {
  12   2          KeyNum = Key();
  13   2          if(KeyNum)
  14   2          {
  15   3            if(KeyNum==1)
  16   3            {
  17   4              LEDMode=1;
  18   4            }
  19   3            if(KeyNum==2)
  20   3            {
  21   4              LEDMode=0;
  22   4            }
  23   3          }
  24   2        }
  25   1      }
  26          
  27          void Timer0_Routine()   interrupt 1
  28          {
  29   1        static unsigned int T0Count;  //Âá∫ÂáΩÊï∞‰πãÂêéT0Count=0ÁöÑÊï∞ÊçÆÈúÄË¶Å‰øùÁïô,‰∏ÄÊ¨°‰∏≠Êñ≠Âá∫ÂéªÂêécount‰π
             -üÂæó‰øùÁïôÂΩìÂâçÂÄº
  30   1        TL0=0x66;
  31   1        TH0=0xFC;
  32   1        T0Count++;
  33   1        if(T0Count>=500)//ÊâßË°å500Ê¨°‰∏≠Êñ≠ÔºåT0CountÂä†Âà∞500ÂêéÊâçÂèØËøõÂÖ•‰ª•‰∏ãËØ≠Âè•
  34   1        {
  35   2          T0Count=0;
  36   2          if(LEDMode==0)
  37   2            P2=_crol_(P2,1);
  38   2          if(LEDMode==1)
  39   2            P2=_cror_(P2,1);
  40   2        }
  41   1      }


MODULE INFORMATION:   STATIC OVERLAYABLE
   CODE SIZE        =    115    ----
   CONSTANT SIZE    =   ----    ----
   XDATA SIZE       =   ----    ----
   PDATA SIZE       =   ----    ----
   DATA SIZE        =      4    ----
   IDATA SIZE       =   ----    ----
   BIT SIZE         =   ----    ----
END OF MODULE INFORMATION.


C51 COMPILATION COMPLETE.  0 WARNING(S),  0 ERROR(S)
