C51 COMPILER V9.54   MAIN                                                                  05/09/2022 18:42:56 PAGE 1   


C51 COMPILER V9.54, COMPILATION OF MODULE MAIN
OBJECT MODULE PLACED IN .\Objects\main.obj
COMPILER INVOKED BY: D:\Keil_v5\C51\BIN\C51.EXE main.c OPTIMIZE(8,SPEED) BROWSE DEBUG OBJECTEXTEND PRINT(.\Listings\main
                    -.lst) TABS(2) OBJECT(.\Objects\main.obj)

line level    source

   1          #include <REGX52.H>
   2          #include "UART.h"
   3          
   4          void main()
   5          {
   6   1        UART_Init();
   7   1        while(1)
   8   1        {
   9   2          
  10   2        }
  11   1      }
  12          
  13          void UART_Routine() interrupt 4
  14          {
  15   1        if(RI=1)
*** WARNING C276 IN LINE 15 OF main.c: constant in condition expression
  16   1        {
  17   2          P2=~SBUF;
  18   2          UART_Sendbyte(SBUF);
  19   2          RI=0;
  20   2        }
  21   1      
  22   1      }


MODULE INFORMATION:   STATIC OVERLAYABLE
   CODE SIZE        =     76    ----
   CONSTANT SIZE    =   ----    ----
   XDATA SIZE       =   ----    ----
   PDATA SIZE       =   ----    ----
   DATA SIZE        =   ----    ----
   IDATA SIZE       =   ----    ----
   BIT SIZE         =   ----    ----
END OF MODULE INFORMATION.


C51 COMPILATION COMPLETE.  1 WARNING(S),  0 ERROR(S)
