C51 COMPILER V9.54   UART                                                                  05/09/2022 18:30:55 PAGE 1   


C51 COMPILER V9.54, COMPILATION OF MODULE UART
OBJECT MODULE PLACED IN .\Objects\UART.obj
COMPILER INVOKED BY: D:\Keil_v5\C51\BIN\C51.EXE UART.c OPTIMIZE(8,SPEED) BROWSE DEBUG OBJECTEXTEND PRINT(.\Listings\UART
                    -.lst) TABS(2) OBJECT(.\Objects\UART.obj)

line level    source

   1          #include <REGX52.H>
   2          
   3          /**
   4            *  @brief     串口初始化，9600bps@11.0592MHz
   5            *  @param     无
   6            *  @retval    无
   7            */
   8          
   9          void UART_Init(void)
  10          {
  11   1        PCON &= 0x7F;   //波特率不倍速
  12   1        SCON = 0x50;    //8位数据,可变波特率
  13   1        TMOD &= 0x0F;   //设置定时器模式
  14   1        TMOD |= 0x20;   //设置定时器模式
  15   1        TL1 = 0xFD;   //设置定时初始值
  16   1        TH1 = 0xFD;   //设置定时重载值
  17   1        ET1 = 0;    //禁止定时器%d中断
  18   1        TR1 = 1;    //定时器1开始计时
  19   1        EA = 1;
  20   1        ES = 1;
  21   1      }
  22          
  23          /**
  24            *  @brief     串口发送一个字节数据
  25            *  @param     Byte要发送得一个字节数据
  26            *  @retval    无
  27            */
  28          
  29          void UART_Sendbyte(unsigned char Byte)
  30          {
  31   1        SBUF=Byte;
  32   1        while(TI==0);
  33   1        TI=0;
  34   1      }


MODULE INFORMATION:   STATIC OVERLAYABLE
   CODE SIZE        =     35    ----
   CONSTANT SIZE    =   ----    ----
   XDATA SIZE       =   ----    ----
   PDATA SIZE       =   ----    ----
   DATA SIZE        =   ----    ----
   IDATA SIZE       =   ----    ----
   BIT SIZE         =   ----    ----
END OF MODULE INFORMATION.


C51 COMPILATION COMPLETE.  0 WARNING(S),  0 ERROR(S)
