C51 COMPILER V9.54   MAIN                                                                  05/10/2022 12:22:26 PAGE 1   


C51 COMPILER V9.54, COMPILATION OF MODULE MAIN
OBJECT MODULE PLACED IN .\Objects\main.obj
COMPILER INVOKED BY: D:\Keil_v5\C51\BIN\C51.EXE main.c OPTIMIZE(8,SPEED) BROWSE DEBUG OBJECTEXTEND PRINT(.\Listings\main
                    -.lst) TABS(2) OBJECT(.\Objects\main.obj)

line level    source

   1          #include <REGX52.H>
   2          #include "MatrixLED.h"
   3          
   4          void main()
   5          {
   6   1        MatrixLED_Init();
   7   1        while(1)
   8   1        {
   9   2          MatrixLED_ShowColumn(0,0x3C);
  10   2          MatrixLED_ShowColumn(1,0x42);
  11   2          MatrixLED_ShowColumn(2,0xA9);
  12   2          MatrixLED_ShowColumn(3,0x85);
  13   2          MatrixLED_ShowColumn(4,0x85);
  14   2          MatrixLED_ShowColumn(5,0xA9);
  15   2          MatrixLED_ShowColumn(6,0x42);
  16   2          MatrixLED_ShowColumn(7,0x3C);
  17   2        }
  18   1      }


MODULE INFORMATION:   STATIC OVERLAYABLE
   CODE SIZE        =     77    ----
   CONSTANT SIZE    =   ----    ----
   XDATA SIZE       =   ----    ----
   PDATA SIZE       =   ----    ----
   DATA SIZE        =   ----    ----
   IDATA SIZE       =   ----    ----
   BIT SIZE         =   ----    ----
END OF MODULE INFORMATION.


C51 COMPILATION COMPLETE.  0 WARNING(S),  0 ERROR(S)
