C51 COMPILER V9.54   MATRIXLED                                                             05/10/2022 12:21:39 PAGE 1   


C51 COMPILER V9.54, COMPILATION OF MODULE MATRIXLED
OBJECT MODULE PLACED IN .\Objects\MatrixLED.obj
COMPILER INVOKED BY: D:\Keil_v5\C51\BIN\C51.EXE MatrixLED.c OPTIMIZE(8,SPEED) BROWSE DEBUG OBJECTEXTEND PRINT(.\Listings
                    -\MatrixLED.lst) TABS(2) OBJECT(.\Objects\MatrixLED.obj)

line level    source

   1          #include <REGX52.H>
   2          #include "Delay.h"
   3          #define MATRIX_LED_PORT P0
   4          
   5          sbit RCK = P3^5;
   6          sbit SCK = P3^6;
   7          sbit SER = P3^4;
   8          
   9          /**
  10            *  @brief     74HC595写入一个字节
  11            *  @param     Byte要写入的字节
  12            *  @retval    无
  13            */
  14          
  15          void _74HC595_WriteByte(unsigned char Byte)
  16          {
  17   1        unsigned char i;
  18   1        for(i=0;i<8;i++)
  19   1        {
  20   2          SER=Byte&(0x80>>i);
  21   2          SCK=1;
  22   2          SCK=0;
  23   2        }
  24   1        RCK=1;
  25   1        RCK=0;
  26   1      }
  27          
  28          /**
  29            *  @brief     点阵屏初始化
  30            *  @param     无
  31            *  @retval    无
  32            */
  33          
  34          void MatrixLED_Init()
  35          {
  36   1        SCK=0;
  37   1        RCK=0;
  38   1      }
  39          
  40          /**
  41            *  @brief     LED点阵屏显示一列数据
  42            *  @param     Column 要选择的列，范围：0~7，0在最左边
  43          *  @param       Date 选择列要显示的数据，用16进制，高位在上，1为亮，0为灭
  44            *  @retval    无
  45            */
  46          
  47          void MatrixLED_ShowColumn(unsigned char Column,Date)
  48          {
  49   1        _74HC595_WriteByte(Date);
  50   1        MATRIX_LED_PORT=~(0x80>>Column);
  51   1        Delay(1);
  52   1        MATRIX_LED_PORT=0xFF;
  53   1      }

C51 COMPILER V9.54   MATRIXLED                                                             05/10/2022 12:21:39 PAGE 2   


MODULE INFORMATION:   STATIC OVERLAYABLE
   CODE SIZE        =     84    ----
   CONSTANT SIZE    =   ----    ----
   XDATA SIZE       =   ----    ----
   PDATA SIZE       =   ----    ----
   DATA SIZE        =   ----    ----
   IDATA SIZE       =   ----    ----
   BIT SIZE         =   ----    ----
END OF MODULE INFORMATION.


C51 COMPILATION COMPLETE.  0 WARNING(S),  0 ERROR(S)
