C51 COMPILER V9.54   BUZZER                                                                05/13/2022 11:10:09 PAGE 1   


C51 COMPILER V9.54, COMPILATION OF MODULE BUZZER
OBJECT MODULE PLACED IN .\Objects\Buzzer.obj
COMPILER INVOKED BY: D:\Keil_v5\C51\BIN\C51.EXE Buzzer.c OPTIMIZE(8,SPEED) BROWSE DEBUG OBJECTEXTEND PRINT(.\Listings\Bu
                    -zzer.lst) TABS(2) OBJECT(.\Objects\Buzzer.obj)

line level    source

   1          #include <REGX52.H>
   2          #include "INTRINS.H"
   3          
   4          //蜂鸣器端口：
   5          sbit Buzzer=P2^5;
   6          unsigned int i;
   7          
   8          /**
   9            *  @brief    蜂鸣器专用延时函数，延时500ms
  10            *  @param    无
  11            *  @retval   无
  12            */
  13          
  14          void Buzzer_Delay500us()    //@11.0592MHz
  15          {
  16   1        unsigned char i;
  17   1      
  18   1        _nop_();
  19   1        i = 227;
  20   1        while (--i);
  21   1      }
  22          
  23          /**
  24            *  @brief    蜂鸣器发声
  25            *  @param    ms   发声时长
  26            *  @retval   无
  27            */
  28          
  29          void Buzzer_Time(unsigned int ms)
  30          {
  31   1        for(i=0;i<ms*2;i++)       //延时只有500us，2次延时才是1秒
  32   1        {
  33   2          Buzzer=!Buzzer;
  34   2          Buzzer_Delay500us();
  35   2        }
  36   1      }


MODULE INFORMATION:   STATIC OVERLAYABLE
   CODE SIZE        =     47    ----
   CONSTANT SIZE    =   ----    ----
   XDATA SIZE       =   ----    ----
   PDATA SIZE       =   ----    ----
   DATA SIZE        =      2    ----
   IDATA SIZE       =   ----    ----
   BIT SIZE         =   ----    ----
END OF MODULE INFORMATION.


C51 COMPILATION COMPLETE.  0 WARNING(S),  0 ERROR(S)
